Running: C:\Xilinx_ISE_14.7\14.7\ISE_DS\ISE\bin\nt64\unwrapped\fuse.exe -intstyle ise -incremental -lib unisims_ver -lib unimacro_ver -lib xilinxcorelib_ver -lib secureip -o C:/Users/015809792/Documents/CECS 255 - LAB/Lab1/FullAdder_Tester_isim_beh.exe -prj C:/Users/015809792/Documents/CECS 255 - LAB/Lab1/FullAdder_Tester_beh.prj work.FullAdder_Tester work.glbl 
ISim P.20131013 (signature 0x7708f090)
Number of CPUs detected in this system: 4
Turning on mult-threading, number of parallel sub-compilation jobs: 8 
Determining compilation order of HDL files
Analyzing Verilog file "C:/Users/015809792/Documents/CECS 255 - LAB/Lab1/HalfAdder.v" into library work
Analyzing Verilog file "C:/Users/015809792/Documents/CECS 255 - LAB/Lab1/FullAdder.v" into library work
Analyzing Verilog file "C:/Users/015809792/Documents/CECS 255 - LAB/Lab1/FullAdder_Tester.v" into library work
Analyzing Verilog file "C:/Xilinx_ISE_14.7/14.7/ISE_DS/ISE//verilog/src/glbl.v" into library work
Starting static elaboration
Completed static elaboration
Compiling module HalfAdder
Compiling module FullAdder
Compiling module FullAdder_Tester
Compiling module glbl
Time Resolution for simulation is 1ps.
Waiting for 1 sub-compilation(s) to finish...
Compiled 4 Verilog Units
Built simulation executable C:/Users/015809792/Documents/CECS 255 - LAB/Lab1/FullAdder_Tester_isim_beh.exe
Fuse Memory Usage: 27240 KB
Fuse CPU Usage: 326 ms
